<html><head><title>Test Report</title></head><body><h1>Test Execution Report</h1><table border='1'><thead><tr><th>Test Case</th><th>Status</th><th>Details</th></tr></thead><tbody><tr><td>setUpClass (tests.test_api_continue_ui.test_add_api_check_ui.AddToCart)</td><td>Error</td><td>Traceback (most recent call last):
  File &quot;C:\Users\hp\PycharmProjects\pythonFINAL\infra\api_infra\api_test_base.py&quot;, line 13, in setUpClass
    with open(config_path, encoding=&#x27;utf-8&#x27;) as config_file:
         ^^^^^^^^^^^^^^^^^^^^^^^^^^^^^^^^^^^
FileNotFoundError: [Errno 2] No such file or directory: &#x27;C:\\Users\\hp\\PycharmProjects\\pythonProject5_terminalX_check\\utils\\api_config.json&#x27;
</td></tr><tr><td>tests.functional_tests.title_test.terminalTitleTest.test_parallel</td><td>Pass</td><td></td></tr><tr><td>tests.functional_tests.test_search_is_good.searchTest.test_search_is_good</td><td>Pass</td><td></td></tr><tr><td>tests.functional_tests.test_search_is_good.searchTest.test_search_not_good_key</td><td>Pass</td><td></td></tr><tr><td>tests.functional_tests.test_log_in.TerminalXLoginTest.test_login_to_terminal</td><td>Pass</td><td></td></tr><tr><td>tests.functional_tests.test_Check_Sale_Page_Is_OK.TerminalXTest.test_terminal_x_on_sale_page</td><td>Pass</td><td></td></tr><tr><td>tests.functional_tests.test_check_price.TerminalXProductTest.test_sort_price_low_to_high</td><td>Fail</td><td>Traceback (most recent call last):
  File &quot;C:\Users\hp\PycharmProjects\pythonFINAL\tests\functional_tests\test_check_price.py&quot;, line 31, in test_sort_price_low_to_high
    self.assertTrue(self.brand_page.sort_isDisplayed(),
AssertionError: False is not true : First item price first_product is not lower than or equal to second item price second_price.
</td></tr><tr><td>tests.functional_tests.test_case_2_negative.negative_input_last_name_Test.test_negative_input_last_name</td><td>Pass</td><td></td></tr><tr><td>setUpClass (tests.api_tests.test_api_page.AddToCartThroughAPI)</td><td>Error</td><td>Traceback (most recent call last):
  File &quot;C:\Users\hp\PycharmProjects\pythonFINAL\infra\api_infra\api_test_base.py&quot;, line 13, in setUpClass
    with open(config_path, encoding=&#x27;utf-8&#x27;) as config_file:
         ^^^^^^^^^^^^^^^^^^^^^^^^^^^^^^^^^^^
FileNotFoundError: [Errno 2] No such file or directory: &#x27;C:\\Users\\hp\\PycharmProjects\\pythonProject5_terminalX_check\\utils\\api_config.json&#x27;
</td></tr></tbody></table><h2>Summary</h2><p>Ran 7 tests in 132.60s</p><p><strong>FAILED</strong> (failures=1, errors=2)</p></body></html>